.camera:
{
	/pos: 10.0;0.0;-70.0
	/dir: 0.0;0.0;1.0
	/ref: 0
}

.light:
{
	/pos: 30.0;0.0;-40.0
	/color: 125.0;0.0;0.0
}

.light:
{
	/pos: 0.0;0.0;-30.0
	/color: 0.0;0.0;125.0
}

.light:
{
	/pos: 0.0;0.0;20.0
	/color: 100.0;255.0;217.0
}

.cylinder:
{
	/r: 5.0
	/dir: 0.0;1.0;0.0
	/max: 5.0
	/min: 5.0
	/pos: 8.199999;0.0;-19.800001
	/color: 125.0;125.0;125.0
	/reflection: 0.0
}

.plane:
{
	/normal: 0.0;1.0;0.0
	/pos: 0.0;-5.0;0.0
	/color: 255.0;255.0;255.0
	/reflection: 0.500000
}

.sphere:
{
	/r: 5.0
	/pos: 3.499998;1.0;-10.0
	/color: 255.0;255.0;255.0
	/reflection: 0.0
}

