.camera:
{
	/pos: 0;0;0
	/dir: 0;0;1
}

.light:
{
	/color: 125;125;125
	/pos: 0;0;0
}

.triangle:
{
	/a: -10;10;300
	/b: -10;0;300
	/c: 0;0;300
	/color: 165;65;28
}

.triangle:
{
	/a: -10;10;300
	/b: 0;10;300
	/c: 0;0;300
	/color: 165;65;28
}

.triangle:
{
	/a: -10;10;310
	/b: -10;0;310
	/c: -10;0;300
	/color: 165;65;28
}

.triangle:
{
	/a: -10;10;310
	/b: -10;10;300
	/c: -10;0;300
	/color: 165;65;28
}

.triangle:
{
	/a: 0;10;310
	/b: 0;0;310
	/c: 0;0;300
	/color: 165;65;28
}

.triangle:
{
	/a: 0;10;310
	/b: 0;10;300
	/c: 0;0;300
	/color: 165;65;28
}

.triangle:
{
	/a: -10;10;310
	/b: -10;0;310
	/c: 0;0;310
	/color: 165;65;28
}

.triangle:
{
	/a: -10;10;310
	/b: 0;10;310
	/c: 0;0;310
	/color: 165;65;28
}
