.camera:
{
	/pos: 0;0;0
	/rot: 0;0;0
}

.light:
{
	/color: 125;125;125
	/pos: 0;0;200
}

.light:
{
	/color: 70;30;165
	/pos: 0;0;200
}

.plane:
{
	/color: 125;125;125
	/pos: 0;0;450
	/normal: 0;0;-1
}

.cylinder:
{
	/pos: -15;0;300
	/color: 125;125;125
	/r: 3
	/dir: 0;1;0
}

.cylinder:
{
	/pos: 15;0;300
	/color: 125;125;125
	/r: 3
	/dir: 0;1;0
}

.cylinder:
{
	/pos: 0;15;300
	/color: 125;125;125
	/r: 3
	/dir: 1;0;0
}

.cylinder:
{
	/pos: 0;-15;300
	/color: 125;125;125
	/r: 3
	/dir: 1;0;0
}

.triangle:
{
	/a: 0;15;200
	/b: -10;0;200
	/c: 10;0;200
	/color: 165;65;28
}
