.camera:
{
	/pos: 0.0;10.0;-10.0
	/dir: 0.0;0.0;1.0
}

.light:
{
	/pos: 3.0;10.0;-4.0
	/color: 125.0;125.0;125.0
}

.holecube:
{
	/r: -1000.0
	/pos: 0.0;0.0;20.0
	/color: 0.0;0.0;255.0
	/reflection: 0.0
	/texture: test.bmp
}

.torus:
{
	/dir: 1.0;0.0;1.0
	/max: 5.0
	/min: 1.0
	/pos: 0.0;5.0;19.0
	/color: 58.0;200.0;255.0
	/reflection: 0.0
	/texture: test.bmp
}

.triangle:
{
	/b: 0.0;6.0;13.0
	/c: 0.0;6.0;13.0
	/a: 0.0;9.0;13.0
	/color: 58.0;200.0;255.0
	/reflection: 0.0
}

.sphere:
{
	/r: 2.0
	/pos: -2.0;2.0;16.0
	/color: 255.0;255.0;255.0
	/reflection: 0.0
}

.sphere:
{
	/r: 2.0
	/pos: 2.0;2.0;16.0
	/color: 255.0;255.0;255.0
	/reflection: 0.0
}

.plane:
{
	/normal: 0.0;1.0;0.0
	/pos: 0.0;-5.0;0.0
	/color: 165.0;65.0;0.0
	/reflection: 0.0
}

