.camera:
{
	/pos: 0.0;0.0;-30.0
	/dir: 0.0;0.0;1.0
	/ref: 1
}

.light:
{
	/pos: 0.0;10.0;-50.0
	/color: 255.0;255.0;255.0
}

.sphere:
{
	/r: 5.0
	/pos: 0.0;0.0;20.0
	/color: 0.0;255.0;0.0
	/reflection: 0.0
}

.plane:
{
	/normal: 0.0;1.0;0.0
	/pos: 0.0;0.0;20.0
	/color: 165.0;65.0;125.0
	/reflection: 0.0
}

.cylinder:
{
	/r: 5.0
	/dir: 0.0;1.0;0.0
	/max: 5.0
	/min: 5.0
	/pos: -20.0;-0.0;30.0
	/color: 0.0;0.0;255.0
	/reflection: 0.0
	/texture: DŽž
}

.cone:
{
	/r: 60.0
	/dir: 2.0;5.0;0.0
	/min: 5.0
	/max: 5.0
	/pos: 20.0;0.0;50.0
	/color: 255.0;0.0;0.0
	/reflection: 0.0
}

.torus:
{
	/dir: 1.0;1.0;0.0
	/max: 5.0
	/min: 2.0
	/pos: 10.0;0.0;10.0
	/color: 165.0;65.0;125.0
	/reflection: 0.0
}

